In file included from [01m[K/home/hans/ros2/task1/build/p_action_interfaces/rosidl_generator_c/p_action_interfaces/action/detail/go_to_point__functions.h:19[m[K,
                 from [01m[K/home/hans/ros2/task1/build/p_action_interfaces/rosidl_generator_c/p_action_interfaces/action/detail/go_to_point__functions.c:4[m[K:
[01m[K/home/hans/ros2/task1/build/p_action_interfaces/rosidl_generator_c/p_action_interfaces/action/detail/go_to_point__struct.h:61:10:[m[K [01;31m[Kfatal error: [m[Kgeometry_msgs/msg/detail/pose__struct.h: No such file or directory
   61 | #include [01;31m[K"geometry_msgs/msg/detail/pose__struct.h"[m[K
      |          [01;31m[K^~~~~~~~~~~~~~~~~~~~~~~~~~~~~~~~~~~~~~~~~[m[K
compilation terminated.
gmake[2]: *** [CMakeFiles/p_action_interfaces__rosidl_generator_c.dir/build.make:120: CMakeFiles/p_action_interfaces__rosidl_generator_c.dir/rosidl_generator_c/p_action_interfaces/action/detail/go_to_point__functions.c.o] Error 1
gmake[1]: *** [CMakeFiles/Makefile2:213: CMakeFiles/p_action_interfaces__rosidl_generator_c.dir/all] Error 2
gmake[1]: *** Waiting for unfinished jobs....
In file included from [01m[K/home/hans/ros2/task1/build/p_action_interfaces/rosidl_typesupport_cpp/p_action_interfaces/action/go_to_point__type_support.cpp:7[m[K:
[01m[K/home/hans/ros2/task1/build/p_action_interfaces/rosidl_generator_cpp/p_action_interfaces/action/detail/go_to_point__struct.hpp:262:10:[m[K [01;31m[Kfatal error: [m[Kgeometry_msgs/msg/detail/pose__struct.hpp: No such file or directory
  262 | #include [01;31m[K"geometry_msgs/msg/detail/pose__struct.hpp"[m[K
      |          [01;31m[K^~~~~~~~~~~~~~~~~~~~~~~~~~~~~~~~~~~~~~~~~~~[m[K
compilation terminated.
gmake[2]: *** [CMakeFiles/p_action_interfaces__rosidl_typesupport_cpp.dir/build.make:101: CMakeFiles/p_action_interfaces__rosidl_typesupport_cpp.dir/rosidl_typesupport_cpp/p_action_interfaces/action/go_to_point__type_support.cpp.o] Error 1
gmake[1]: *** [CMakeFiles/Makefile2:395: CMakeFiles/p_action_interfaces__rosidl_typesupport_cpp.dir/all] Error 2
In file included from [01m[K/home/hans/ros2/task1/build/p_action_interfaces/rosidl_typesupport_introspection_cpp/p_action_interfaces/action/detail/go_to_point__type_support.cpp:12[m[K:
[01m[K/home/hans/ros2/task1/build/p_action_interfaces/rosidl_generator_cpp/p_action_interfaces/action/detail/go_to_point__struct.hpp:262:10:[m[K [01;31m[Kfatal error: [m[Kgeometry_msgs/msg/detail/pose__struct.hpp: No such file or directory
  262 | #include [01;31m[K"geometry_msgs/msg/detail/pose__struct.hpp"[m[K
      |          [01;31m[K^~~~~~~~~~~~~~~~~~~~~~~~~~~~~~~~~~~~~~~~~~~[m[K
compilation terminated.
gmake[2]: *** [CMakeFiles/p_action_interfaces__rosidl_typesupport_introspection_cpp.dir/build.make:106: CMakeFiles/p_action_interfaces__rosidl_typesupport_introspection_cpp.dir/rosidl_typesupport_introspection_cpp/p_action_interfaces/action/detail/go_to_point__type_support.cpp.o] Error 1
gmake[1]: *** [CMakeFiles/Makefile2:369: CMakeFiles/p_action_interfaces__rosidl_typesupport_introspection_cpp.dir/all] Error 2
In file included from [01m[K/home/hans/ros2/task1/build/p_action_interfaces/rosidl_typesupport_fastrtps_cpp/p_action_interfaces/action/detail/go_to_point__rosidl_typesupport_fastrtps_cpp.hpp:11[m[K,
                 from [01m[K/home/hans/ros2/task1/build/p_action_interfaces/rosidl_typesupport_fastrtps_cpp/p_action_interfaces/action/detail/dds_fastrtps/go_to_point__type_support.cpp:4[m[K:
[01m[K/home/hans/ros2/task1/build/p_action_interfaces/rosidl_generator_cpp/p_action_interfaces/action/detail/go_to_point__struct.hpp:262:10:[m[K [01;31m[Kfatal error: [m[Kgeometry_msgs/msg/detail/pose__struct.hpp: No such file or directory
  262 | #include [01;31m[K"geometry_msgs/msg/detail/pose__struct.hpp"[m[K
      |          [01;31m[K^~~~~~~~~~~~~~~~~~~~~~~~~~~~~~~~~~~~~~~~~~~[m[K
compilation terminated.
gmake[2]: *** [CMakeFiles/p_action_interfaces__rosidl_typesupport_fastrtps_cpp.dir/build.make:106: CMakeFiles/p_action_interfaces__rosidl_typesupport_fastrtps_cpp.dir/rosidl_typesupport_fastrtps_cpp/p_action_interfaces/action/detail/dds_fastrtps/go_to_point__type_support.cpp.o] Error 1
gmake[1]: *** [CMakeFiles/Makefile2:291: CMakeFiles/p_action_interfaces__rosidl_typesupport_fastrtps_cpp.dir/all] Error 2
gmake: *** [Makefile:146: all] Error 2
