[0.011s] Invoking command in '/home/hans/ros2/task1/build/p_action_interfaces': CMAKE_PREFIX_PATH=${CMAKE_PREFIX_PATH}:/home/hans/ros2/task1/install/p_action_example:/home/hans/ros2/task1/src/install/ttbot_square:/home/hans/ros2/task1/src/install/ping_sonar_ros:/home/hans/ros2/task1/src/install/p_controller:/home/hans/ros2/task1/src/install/p_action_example:/home/hans/ros2/task1/src/install/autonomous_rov:/home/hans/ros2/task1/install/ttbot_square:/home/hans/ros2/task1/install/ping_sonar_ros:/home/hans/ros2/task1/install/p_controller:/home/hans/ros2/task1/install/autonomous_rov:/opt/ros/humble /usr/bin/cmake --build /home/hans/ros2/task1/build/p_action_interfaces -- -j8 -l8
[0.042s] -- Found ament_cmake: 1.3.11 (/opt/ros/humble/share/ament_cmake/cmake)
[0.197s] -- Found turtlesim: 1.4.2 (/opt/ros/humble/share/turtlesim/cmake)
[0.225s] -- Found rosidl_generator_c: 3.1.6 (/opt/ros/humble/share/rosidl_generator_c/cmake)
[0.228s] -- Found rosidl_adapter: 3.1.6 (/opt/ros/humble/share/rosidl_adapter/cmake)
[0.234s] -- Found rosidl_generator_cpp: 3.1.6 (/opt/ros/humble/share/rosidl_generator_cpp/cmake)
[0.245s] -- Using all available rosidl_typesupport_c: rosidl_typesupport_fastrtps_c;rosidl_typesupport_introspection_c
[0.261s] -- Using all available rosidl_typesupport_cpp: rosidl_typesupport_fastrtps_cpp;rosidl_typesupport_introspection_cpp
[0.332s] -- Found rosidl_default_generators: 1.2.0 (/opt/ros/humble/share/rosidl_default_generators/cmake)
[0.711s] -- Found ament_cmake_ros: 0.10.0 (/opt/ros/humble/share/ament_cmake_ros/cmake)
[1.121s] -- Using all available rosidl_typesupport_c: rosidl_typesupport_fastrtps_c;rosidl_typesupport_introspection_c
[1.270s] -- Using all available rosidl_typesupport_cpp: rosidl_typesupport_fastrtps_cpp;rosidl_typesupport_introspection_cpp
[1.298s] -- Found python_cmake_module: 0.10.0 (/opt/ros/humble/share/python_cmake_module/cmake)
[1.326s] -- Using PYTHON_EXECUTABLE: /usr/bin/python3
[1.326s] -- Using PYTHON_INCLUDE_DIRS: /usr/include/python3.10
[1.326s] -- Using PYTHON_LIBRARIES: /usr/lib/x86_64-linux-gnu/libpython3.10.so
[1.360s] -- Found ament_lint_auto: 0.12.11 (/opt/ros/humble/share/ament_lint_auto/cmake)
[1.372s] -- Added test 'lint_cmake' to check CMake code style
[1.373s] -- Added test 'xmllint' to check XML markup files
[1.376s] -- Configuring done
[1.416s] -- Generating done
[1.430s] -- Build files have been written to: /home/hans/ros2/task1/build/p_action_interfaces
[1.460s] [  3%] [34m[1mGenerating C code for ROS interfaces[0m
[1.472s] [  6%] [34m[1mGenerating C++ code for ROS interfaces[0m
[1.483s] [  6%] Built target ament_cmake_python_copy_p_action_interfaces
[1.766s] running egg_info
[1.767s] writing p_action_interfaces.egg-info/PKG-INFO
[1.767s] writing dependency_links to p_action_interfaces.egg-info/dependency_links.txt
[1.768s] writing top-level names to p_action_interfaces.egg-info/top_level.txt
[1.770s] reading manifest file 'p_action_interfaces.egg-info/SOURCES.txt'
[1.770s] writing manifest file 'p_action_interfaces.egg-info/SOURCES.txt'
[1.800s] [  6%] Built target ament_cmake_python_build_p_action_interfaces_egg
[1.967s] [35m[1mConsolidate compiler generated dependencies of target p_action_interfaces__rosidl_generator_c[0m
[1.982s] [  9%] [32mBuilding C object CMakeFiles/p_action_interfaces__rosidl_generator_c.dir/rosidl_generator_c/p_action_interfaces/action/detail/go_to_point__functions.c.o[0m
[1.987s] [  9%] Built target p_action_interfaces__cpp
[1.999s] [ 12%] [34m[1mGenerating C++ type support dispatch for ROS interfaces[0m
[1.999s] [ 16%] [34m[1mGenerating C++ introspection for ROS interfaces[0m
[2.003s] [ 19%] [34m[1mGenerating C++ type support for eProsima Fast-RTPS[0m
[2.007s] In file included from [01m[K/home/hans/ros2/task1/build/p_action_interfaces/rosidl_generator_c/p_action_interfaces/action/detail/go_to_point__functions.h:19[m[K,
[2.008s]                  from [01m[K/home/hans/ros2/task1/build/p_action_interfaces/rosidl_generator_c/p_action_interfaces/action/detail/go_to_point__functions.c:4[m[K:
[2.008s] [01m[K/home/hans/ros2/task1/build/p_action_interfaces/rosidl_generator_c/p_action_interfaces/action/detail/go_to_point__struct.h:61:10:[m[K [01;31m[Kfatal error: [m[Kgeometry_msgs/msg/detail/pose__struct.h: No such file or directory
[2.008s]    61 | #include [01;31m[K"geometry_msgs/msg/detail/pose__struct.h"[m[K
[2.008s]       |          [01;31m[K^~~~~~~~~~~~~~~~~~~~~~~~~~~~~~~~~~~~~~~~~[m[K
[2.008s] compilation terminated.
[2.008s] gmake[2]: *** [CMakeFiles/p_action_interfaces__rosidl_generator_c.dir/build.make:120: CMakeFiles/p_action_interfaces__rosidl_generator_c.dir/rosidl_generator_c/p_action_interfaces/action/detail/go_to_point__functions.c.o] Error 1
[2.009s] gmake[1]: *** [CMakeFiles/Makefile2:213: CMakeFiles/p_action_interfaces__rosidl_generator_c.dir/all] Error 2
[2.009s] gmake[1]: *** Waiting for unfinished jobs....
[2.322s] [35m[1mConsolidate compiler generated dependencies of target p_action_interfaces__rosidl_typesupport_cpp[0m
[2.337s] [ 22%] [32mBuilding CXX object CMakeFiles/p_action_interfaces__rosidl_typesupport_cpp.dir/rosidl_typesupport_cpp/p_action_interfaces/action/go_to_point__type_support.cpp.o[0m
[2.381s] [35m[1mConsolidate compiler generated dependencies of target p_action_interfaces__rosidl_typesupport_introspection_cpp[0m
[2.396s] [ 25%] [32mBuilding CXX object CMakeFiles/p_action_interfaces__rosidl_typesupport_introspection_cpp.dir/rosidl_typesupport_introspection_cpp/p_action_interfaces/action/detail/go_to_point__type_support.cpp.o[0m
[2.411s] In file included from [01m[K/home/hans/ros2/task1/build/p_action_interfaces/rosidl_typesupport_cpp/p_action_interfaces/action/go_to_point__type_support.cpp:7[m[K:
[2.411s] [01m[K/home/hans/ros2/task1/build/p_action_interfaces/rosidl_generator_cpp/p_action_interfaces/action/detail/go_to_point__struct.hpp:262:10:[m[K [01;31m[Kfatal error: [m[Kgeometry_msgs/msg/detail/pose__struct.hpp: No such file or directory
[2.411s]   262 | #include [01;31m[K"geometry_msgs/msg/detail/pose__struct.hpp"[m[K
[2.412s]       |          [01;31m[K^~~~~~~~~~~~~~~~~~~~~~~~~~~~~~~~~~~~~~~~~~~[m[K
[2.412s] compilation terminated.
[2.413s] gmake[2]: *** [CMakeFiles/p_action_interfaces__rosidl_typesupport_cpp.dir/build.make:101: CMakeFiles/p_action_interfaces__rosidl_typesupport_cpp.dir/rosidl_typesupport_cpp/p_action_interfaces/action/go_to_point__type_support.cpp.o] Error 1
[2.413s] gmake[1]: *** [CMakeFiles/Makefile2:395: CMakeFiles/p_action_interfaces__rosidl_typesupport_cpp.dir/all] Error 2
[2.442s] [35m[1mConsolidate compiler generated dependencies of target p_action_interfaces__rosidl_typesupport_fastrtps_cpp[0m
[2.459s] [ 29%] [32mBuilding CXX object CMakeFiles/p_action_interfaces__rosidl_typesupport_fastrtps_cpp.dir/rosidl_typesupport_fastrtps_cpp/p_action_interfaces/action/detail/dds_fastrtps/go_to_point__type_support.cpp.o[0m
[2.483s] In file included from [01m[K/home/hans/ros2/task1/build/p_action_interfaces/rosidl_typesupport_introspection_cpp/p_action_interfaces/action/detail/go_to_point__type_support.cpp:12[m[K:
[2.483s] [01m[K/home/hans/ros2/task1/build/p_action_interfaces/rosidl_generator_cpp/p_action_interfaces/action/detail/go_to_point__struct.hpp:262:10:[m[K [01;31m[Kfatal error: [m[Kgeometry_msgs/msg/detail/pose__struct.hpp: No such file or directory
[2.483s]   262 | #include [01;31m[K"geometry_msgs/msg/detail/pose__struct.hpp"[m[K
[2.483s]       |          [01;31m[K^~~~~~~~~~~~~~~~~~~~~~~~~~~~~~~~~~~~~~~~~~~[m[K
[2.483s] compilation terminated.
[2.485s] gmake[2]: *** [CMakeFiles/p_action_interfaces__rosidl_typesupport_introspection_cpp.dir/build.make:106: CMakeFiles/p_action_interfaces__rosidl_typesupport_introspection_cpp.dir/rosidl_typesupport_introspection_cpp/p_action_interfaces/action/detail/go_to_point__type_support.cpp.o] Error 1
[2.485s] gmake[1]: *** [CMakeFiles/Makefile2:369: CMakeFiles/p_action_interfaces__rosidl_typesupport_introspection_cpp.dir/all] Error 2
[2.536s] In file included from [01m[K/home/hans/ros2/task1/build/p_action_interfaces/rosidl_typesupport_fastrtps_cpp/p_action_interfaces/action/detail/go_to_point__rosidl_typesupport_fastrtps_cpp.hpp:11[m[K,
[2.536s]                  from [01m[K/home/hans/ros2/task1/build/p_action_interfaces/rosidl_typesupport_fastrtps_cpp/p_action_interfaces/action/detail/dds_fastrtps/go_to_point__type_support.cpp:4[m[K:
[2.536s] [01m[K/home/hans/ros2/task1/build/p_action_interfaces/rosidl_generator_cpp/p_action_interfaces/action/detail/go_to_point__struct.hpp:262:10:[m[K [01;31m[Kfatal error: [m[Kgeometry_msgs/msg/detail/pose__struct.hpp: No such file or directory
[2.536s]   262 | #include [01;31m[K"geometry_msgs/msg/detail/pose__struct.hpp"[m[K
[2.536s]       |          [01;31m[K^~~~~~~~~~~~~~~~~~~~~~~~~~~~~~~~~~~~~~~~~~~[m[K
[2.536s] compilation terminated.
[2.537s] gmake[2]: *** [CMakeFiles/p_action_interfaces__rosidl_typesupport_fastrtps_cpp.dir/build.make:106: CMakeFiles/p_action_interfaces__rosidl_typesupport_fastrtps_cpp.dir/rosidl_typesupport_fastrtps_cpp/p_action_interfaces/action/detail/dds_fastrtps/go_to_point__type_support.cpp.o] Error 1
[2.537s] gmake[1]: *** [CMakeFiles/Makefile2:291: CMakeFiles/p_action_interfaces__rosidl_typesupport_fastrtps_cpp.dir/all] Error 2
[2.538s] gmake: *** [Makefile:146: all] Error 2
[2.540s] Invoked command in '/home/hans/ros2/task1/build/p_action_interfaces' returned '2': CMAKE_PREFIX_PATH=${CMAKE_PREFIX_PATH}:/home/hans/ros2/task1/install/p_action_example:/home/hans/ros2/task1/src/install/ttbot_square:/home/hans/ros2/task1/src/install/ping_sonar_ros:/home/hans/ros2/task1/src/install/p_controller:/home/hans/ros2/task1/src/install/p_action_example:/home/hans/ros2/task1/src/install/autonomous_rov:/home/hans/ros2/task1/install/ttbot_square:/home/hans/ros2/task1/install/ping_sonar_ros:/home/hans/ros2/task1/install/p_controller:/home/hans/ros2/task1/install/autonomous_rov:/opt/ros/humble /usr/bin/cmake --build /home/hans/ros2/task1/build/p_action_interfaces -- -j8 -l8
